<?xml version="1.0" encoding="UTF-8"?>
<testsuite name="RockPaperScissorsTest" tests="1" skipped="0" failures="0" errors="0" timestamp="2023-03-15T09:37:20" hostname="WPLKM250542-F0V" time="0.045">
  <properties/>
  <testcase name="PrintenL_Test()" classname="RockPaperScissorsTest" time="0.045"/>
  <system-out><![CDATA[340L
]]></system-out>
  <system-err><![CDATA[]]></system-err>
</testsuite>
